[debug] [2026-03-08T07:47:26.365Z] ----------------------------------------------------------------------
[debug] [2026-03-08T07:47:26.370Z] Command:       C:\Program Files\nodejs\node.exe C:\Users\Acer\AppData\Roaming\npm\node_modules\firebase-tools\lib\bin\firebase.js init hosting
[debug] [2026-03-08T07:47:26.371Z] CLI Version:   15.9.0
[debug] [2026-03-08T07:47:26.371Z] Platform:      win32
[debug] [2026-03-08T07:47:26.371Z] Node Version:  v22.14.0
[debug] [2026-03-08T07:47:26.371Z] Time:          Sun Mar 08 2026 13:17:26 GMT+0530 (India Standard Time)
[debug] [2026-03-08T07:47:26.371Z] ----------------------------------------------------------------------
[debug] 
[info] 
     ######## #### ########  ######## ########     ###     ######  ########
     ##        ##  ##     ## ##       ##     ##  ##   ##  ##       ##
     ######    ##  ########  ######   ########  #########  ######  ######
     ##        ##  ##    ##  ##       ##     ## ##     ##       ## ##
     ##       #### ##     ## ######## ########  ##     ##  ######  ########

You're about to initialize a Firebase project in this directory:

  C:\Users\Acer\Desktop\my-firebase-project

[info] 
=== Project Setup
[info] 
[info] First, let's associate this project directory with a Firebase project.
[info] You can create multiple project aliases by running firebase use --add, 
[info] 
[debug] [2026-03-08T07:47:35.299Z] > command requires scopes: ["email","openid","https://www.googleapis.com/auth/cloudplatformprojects.readonly","https://www.googleapis.com/auth/firebase","https://www.googleapis.com/auth/cloud-platform"]
[debug] [2026-03-08T07:47:35.300Z] > authorizing via signed-in user (bantakheewa@gmail.com)
[debug] [2026-03-08T07:47:35.302Z] Checked if tokens are valid: true, expires at: 1772957212508
[debug] [2026-03-08T07:47:35.303Z] Checked if tokens are valid: true, expires at: 1772957212508
[debug] [2026-03-08T07:47:35.304Z] >>> [apiv2][query] GET https://firebase.googleapis.com/v1beta1/projects pageSize=100
[debug] [2026-03-08T07:47:36.365Z] <<< [apiv2][status] GET https://firebase.googleapis.com/v1beta1/projects 200
[debug] [2026-03-08T07:47:36.365Z] <<< [apiv2][body] GET https://firebase.googleapis.com/v1beta1/projects [omitted]
[debug] [2026-03-08T07:47:40.446Z] ExitPromptError: User force closed the prompt with SIGINT
    at Interface.sigint (C:\Users\Acer\AppData\Roaming\npm\node_modules\firebase-tools\node_modules\@inquirer\core\dist\commonjs\lib\create-prompt.js:101:37)
    at Interface.emit (node:events:518:28)
    at [_ttyWrite] [as _ttyWrite] (node:internal/readline/interface:1124:18)
    at ReadStream.onkeypress (node:internal/readline/interface:263:20)
    at ReadStream.emit (node:events:530:35)
    at emitKeys (node:internal/readline/utils:370:14)
    at emitKeys.next (<anonymous>)
    at ReadStream.onData (node:internal/readline/emitKeypressEvents:64:36)
    at ReadStream.emit (node:events:518:28)
    at addChunk (node:internal/streams/readable:561:12)
[error] 
[error] Error: An unexpected error has occurred.
